Build started 3/2/2017 2:42:57 PM.
     1>Project "C:\Users\17lmr02\Documents\GitHub\Bomberman\Bomberman\Bomberman\Bomberman.vcxproj" on node 2 (Build target(s)).
     1>ClCompile:
         C:\Program Files (x86)\Microsoft Visual Studio 12.0\VC\bin\CL.exe /c /I"C:\SFML-2.4.2\include" /ZI /nologo /W3 /WX- /sdl /Od /Oy- /D WIN32 /D _DEBUG /D _CONSOLE /D _LIB /D _UNICODE /D UNICODE /Gm /EHsc /RTC1 /MDd /GS /fp:precise /Zc:wchar_t /Zc:forScope /Fo"Debug\\" /Fd"Debug\vc120.pdb" /Gd /TP /analyze- /errorReport:prompt BPanel.cpp Cola.cpp Dezeniman.cpp Explosion.cpp Famicom.cpp Goddess.cpp Items.cpp Nakamoto.cpp Special.cpp
         Special.cpp
     1>c:\users\17lmr02\documents\github\bomberman\bomberman\bomberman\items.h(4): error C2504: 'Object' : base class undefined
         Nakamoto.cpp
     1>c:\users\17lmr02\documents\github\bomberman\bomberman\bomberman\items.h(4): error C2504: 'Object' : base class undefined
         Items.cpp
     1>c:\users\17lmr02\documents\github\bomberman\bomberman\bomberman\items.h(4): error C2504: 'Object' : base class undefined
         Goddess.cpp
     1>c:\users\17lmr02\documents\github\bomberman\bomberman\bomberman\items.h(4): error C2504: 'Object' : base class undefined
         Famicom.cpp
     1>c:\users\17lmr02\documents\github\bomberman\bomberman\bomberman\items.h(4): error C2504: 'Object' : base class undefined
         Explosion.cpp
     1>c:\users\17lmr02\documents\github\bomberman\bomberman\bomberman\explosion.h(4): error C2504: 'Object' : base class undefined
         Dezeniman.cpp
     1>c:\users\17lmr02\documents\github\bomberman\bomberman\bomberman\items.h(4): error C2504: 'Object' : base class undefined
         Cola.cpp
     1>c:\users\17lmr02\documents\github\bomberman\bomberman\bomberman\items.h(4): error C2504: 'Object' : base class undefined
         BPanel.cpp
     1>c:\users\17lmr02\documents\github\bomberman\bomberman\bomberman\items.h(4): error C2504: 'Object' : base class undefined
         Generating Code...
     1>Done Building Project "C:\Users\17lmr02\Documents\GitHub\Bomberman\Bomberman\Bomberman\Bomberman.vcxproj" (Build target(s)) -- FAILED.

Build FAILED.

Time Elapsed 00:00:00.53
